<?xml version="1.0" encoding="UTF-8"?>
<!-- Generated by org.testng.reporters.JUnitXMLReporter -->
<testsuite ignored="7" hostname="DESKTOP-7S7LCUO" failures="0" tests="1" name="Default test" time="4.11" errors="0" timestamp="2024-05-15T14:56:44 IST">
  <testcase classname="api.apple.test.SearchTest" name="serachNameWithAboveLimit" time="4.041"/>
  <testcase classname="api.apple.test.SearchTest" name="testWithTermMusic" time="0.0">
    <ignored/>
  </testcase> <!-- testWithTermMusic -->
  <testcase classname="api.apple.test.SearchTest" name="testWithTerm" time="0.0">
    <ignored/>
  </testcase> <!-- testWithTerm -->
  <testcase classname="api.apple.test.SearchTest" name="testWithTermAndCountry" time="0.0">
    <ignored/>
  </testcase> <!-- testWithTermAndCountry -->
  <testcase classname="api.apple.test.SearchTest" name="searchRecWithNameCountryEntity" time="0.0">
    <ignored/>
  </testcase> <!-- searchRecWithNameCountryEntity -->
  <testcase classname="api.apple.test.SearchTest" name="searchNameWithMedia" time="0.0">
    <ignored/>
  </testcase> <!-- searchNameWithMedia -->
  <testcase classname="api.apple.test.SearchTest" name="testTermWithInvlidRec" time="0.0">
    <ignored/>
  </testcase> <!-- testTermWithInvlidRec -->
  <testcase classname="api.apple.test.SearchTest" name="testTermWithLimitCount" time="0.0">
    <ignored/>
  </testcase> <!-- testTermWithLimitCount -->
</testsuite> <!-- Default test -->
