<?xml version="1.0" encoding="UTF-8"?>
<testng-results ignored="0" total="1" passed="1" failed="0" skipped="0">
  <reporter-output>
  </reporter-output>
  <suite started-at="2024-05-15T14:56:39 IST" name="Default suite" finished-at="2024-05-15T14:56:44 IST" duration-ms="4110">
    <groups>
    </groups>
    <test started-at="2024-05-15T14:56:39 IST" name="Default test" finished-at="2024-05-15T14:56:44 IST" duration-ms="4110">
      <class name="api.apple.test.SearchTest">
        <test-method signature="serachNameWithAboveLimit()[pri:0, instance:api.apple.test.SearchTest@747ddf94]" started-at="2024-05-15T14:56:39 IST" name="serachNameWithAboveLimit" finished-at="2024-05-15T14:56:43 IST" duration-ms="4041" status="PASS">
          <reporter-output>
          </reporter-output>
        </test-method> <!-- serachNameWithAboveLimit -->
      </class> <!-- api.apple.test.SearchTest -->
    </test> <!-- Default test -->
  </suite> <!-- Default suite -->
</testng-results>
